This file contains any messages produced by compilers while
running configure, to aid debugging if configure makes a mistake.

It was created by configure, which was
generated by GNU Autoconf 2.67.  Invocation command line was

  $ /home/semai/Work/REPO_HOME/asylum/OpenBlaze8/tools/pbccv2-src-20110901/sdcc3/configure --prefix=/home/semai/Work/REPO_HOME/asylum/OpenBlaze8/tools/install --disable-pic14-port --disable-pic16-port --disable-hc08-port --disable-stm8-port --disable-ds390-port --disable-ds400-port --disable-z80-port --disable-mcs51-port --disable-s08-port --disable-z180-port --disable-r2k-port --disable-r3ka-port --disable-gbz80-port --disable-tlcs90-port --disable-sdbinutils --disable-device-lib --disable-ucsim --disable-sdcdb --disable-packihx

## --------- ##
## Platform. ##
## --------- ##

hostname = mc-semai
uname -m = x86_64
uname -r = 5.11.0-38-generic
uname -s = Linux
uname -v = #42~20.04.1-Ubuntu SMP Tue Sep 28 20:41:07 UTC 2021

/usr/bin/uname -p = x86_64
/bin/uname -X     = unknown

/bin/arch              = x86_64
/usr/bin/arch -k       = unknown
/usr/convex/getsysinfo = unknown
/usr/bin/hostinfo      = unknown
/bin/machine           = unknown
/usr/bin/oslevel       = unknown
/bin/universe          = unknown

PATH: /home/semai/.local/bin
PATH: /usr/local/sbin
PATH: /usr/local/bin
PATH: /usr/sbin
PATH: /usr/bin
PATH: /sbin
PATH: /bin
PATH: /usr/games
PATH: /usr/local/games
PATH: /snap/bin


## ----------- ##
## Core tests. ##
## ----------- ##

configure:2365: checking for gawk
configure:2395: result: no
configure:2365: checking for mawk
configure:2381: found /usr/bin/mawk
configure:2392: result: mawk
configure:2404: checking version of the package
configure:2408: result: 3.0.1
configure:2515: checking for gcc
configure:2531: found /usr/bin/gcc
configure:2542: result: gcc
configure:2771: checking for C compiler version
configure:2780: gcc --version >&5
gcc (Ubuntu 9.3.0-17ubuntu1~20.04) 9.3.0
Copyright (C) 2019 Free Software Foundation, Inc.
This is free software; see the source for copying conditions.  There is NO
warranty; not even for MERCHANTABILITY or FITNESS FOR A PARTICULAR PURPOSE.

configure:2791: $? = 0
configure:2780: gcc -v >&5
Using built-in specs.
COLLECT_GCC=gcc
COLLECT_LTO_WRAPPER=/usr/lib/gcc/x86_64-linux-gnu/9/lto-wrapper
OFFLOAD_TARGET_NAMES=nvptx-none:hsa
OFFLOAD_TARGET_DEFAULT=1
Target: x86_64-linux-gnu
Configured with: ../src/configure -v --with-pkgversion='Ubuntu 9.3.0-17ubuntu1~20.04' --with-bugurl=file:///usr/share/doc/gcc-9/README.Bugs --enable-languages=c,ada,c++,go,brig,d,fortran,objc,obj-c++,gm2 --prefix=/usr --with-gcc-major-version-only --program-suffix=-9 --program-prefix=x86_64-linux-gnu- --enable-shared --enable-linker-build-id --libexecdir=/usr/lib --without-included-gettext --enable-threads=posix --libdir=/usr/lib --enable-nls --enable-clocale=gnu --enable-libstdcxx-debug --enable-libstdcxx-time=yes --with-default-libstdcxx-abi=new --enable-gnu-unique-object --disable-vtable-verify --enable-plugin --enable-default-pie --with-system-zlib --with-target-system-zlib=auto --enable-objc-gc=auto --enable-multiarch --disable-werror --with-arch-32=i686 --with-abi=m64 --with-multilib-list=m32,m64,mx32 --enable-multilib --with-tune=generic --enable-offload-targets=nvptx-none=/build/gcc-9-HskZEa/gcc-9-9.3.0/debian/tmp-nvptx/usr,hsa --without-cuda-driver --enable-checking=release --build=x86_64-linux-gnu --host=x86_64-linux-gnu --target=x86_64-linux-gnu
Thread model: posix
gcc version 9.3.0 (Ubuntu 9.3.0-17ubuntu1~20.04) 
configure:2791: $? = 0
configure:2780: gcc -V >&5
gcc: error: unrecognized command line option '-V'
gcc: fatal error: no input files
compilation terminated.
configure:2791: $? = 1
configure:2780: gcc -qversion >&5
gcc: error: unrecognized command line option '-qversion'; did you mean '--version'?
gcc: fatal error: no input files
compilation terminated.
configure:2791: $? = 1
configure:2811: checking whether the C compiler works
configure:2833: gcc    conftest.c  >&5
configure:2837: $? = 0
configure:2885: result: yes
configure:2888: checking for C compiler default output file name
configure:2890: result: a.out
configure:2896: checking for suffix of executables
configure:2903: gcc -o conftest    conftest.c  >&5
configure:2907: $? = 0
configure:2929: result: 
configure:2951: checking whether we are cross compiling
configure:2959: gcc -o conftest    conftest.c  >&5
configure:2963: $? = 0
configure:2970: ./conftest
configure:2974: $? = 0
configure:2962: result: no
configure:2967: checking for suffix of object files
configure:2989: gcc -c   conftest.c >&5
configure:2993: $? = 0
configure:3014: result: o
configure:3018: checking whether we are using the GNU C compiler
configure:3037: gcc -c   conftest.c >&5
configure:3037: $? = 0
configure:3046: result: yes
configure:3055: checking whether gcc accepts -g
configure:3075: gcc -c -g  conftest.c >&5
configure:3075: $? = 0
configure:3116: result: yes
configure:3133: checking for gcc option to accept ISO C89
configure:3197: gcc  -c -g -O2  conftest.c >&5
configure:3197: $? = 0
configure:3210: result: none needed
configure:3235: checking how to run the C preprocessor
configure:3266: gcc -E  conftest.c
configure:3266: $? = 0
configure:3280: gcc -E  conftest.c
conftest.c:13:10: fatal error: ac_nonexistent.h: No such file or directory
   13 | #include <ac_nonexistent.h>
      |          ^~~~~~~~~~~~~~~~~~
compilation terminated.
configure:3280: $? = 1
configure: failed program was:
| /* confdefs.h */
| #define PACKAGE_NAME ""
| #define PACKAGE_TARNAME ""
| #define PACKAGE_VERSION ""
| #define PACKAGE_STRING ""
| #define PACKAGE_BUGREPORT ""
| #define PACKAGE_URL ""
| #define SDCC_VERSION_LO 0
| #define SDCC_VERSION_HI 3
| #define SDCC_VERSION_P 1
| #define SDCC_VERSION_STR "3.0.1"
| /* end confdefs.h.  */
| #include <ac_nonexistent.h>
configure:3305: result: gcc -E
configure:3325: gcc -E  conftest.c
configure:3325: $? = 0
configure:3339: gcc -E  conftest.c
conftest.c:13:10: fatal error: ac_nonexistent.h: No such file or directory
   13 | #include <ac_nonexistent.h>
      |          ^~~~~~~~~~~~~~~~~~
compilation terminated.
configure:3339: $? = 1
configure: failed program was:
| /* confdefs.h */
| #define PACKAGE_NAME ""
| #define PACKAGE_TARNAME ""
| #define PACKAGE_VERSION ""
| #define PACKAGE_STRING ""
| #define PACKAGE_BUGREPORT ""
| #define PACKAGE_URL ""
| #define SDCC_VERSION_LO 0
| #define SDCC_VERSION_HI 3
| #define SDCC_VERSION_P 1
| #define SDCC_VERSION_STR "3.0.1"
| /* end confdefs.h.  */
| #include <ac_nonexistent.h>
configure:3410: checking for a BSD-compatible install
configure:3478: result: /usr/bin/install -c
configure:3532: checking for ranlib
configure:3548: found /usr/bin/ranlib
configure:3559: result: ranlib
configure:3583: checking for autoconf
configure:3599: found /usr/bin/autoconf
configure:3611: result: autoconf
configure:3621: checking for strip
configure:3637: found /usr/bin/strip
configure:3649: result: strip
configure:3659: checking for as
configure:3675: found /usr/bin/as
configure:3687: result: as
configure:3697: checking for cp
configure:3713: found /usr/bin/cp
configure:3725: result: cp
configure:3735: checking for ar
configure:3751: found /usr/bin/ar
configure:3763: result: ar
configure:3776: checking for flex
configure:3792: found /usr/bin/flex
configure:3803: result: flex
configure:3820: checking for bison
configure:3836: found /usr/bin/bison
configure:3847: result: bison -y
configure:3880: checking for grep that handles long lines and -e
configure:3938: result: /usr/bin/grep
configure:3943: checking for egrep
configure:4005: result: /usr/bin/grep -E
configure:4010: checking for ANSI C header files
configure:4030: gcc -c -g -O2  conftest.c >&5
configure:4030: $? = 0
configure:4103: gcc -o conftest -g -O2   conftest.c  >&5
configure:4103: $? = 0
configure:4103: ./conftest
configure:4103: $? = 0
configure:4114: result: yes
configure:4127: checking for sys/types.h
configure:4127: gcc -c -g -O2  conftest.c >&5
configure:4127: $? = 0
configure:4127: result: yes
configure:4127: checking for sys/stat.h
configure:4127: gcc -c -g -O2  conftest.c >&5
configure:4127: $? = 0
configure:4127: result: yes
configure:4127: checking for stdlib.h
configure:4127: gcc -c -g -O2  conftest.c >&5
configure:4127: $? = 0
configure:4127: result: yes
configure:4127: checking for string.h
configure:4127: gcc -c -g -O2  conftest.c >&5
configure:4127: $? = 0
configure:4127: result: yes
configure:4127: checking for memory.h
configure:4127: gcc -c -g -O2  conftest.c >&5
configure:4127: $? = 0
configure:4127: result: yes
configure:4127: checking for strings.h
configure:4127: gcc -c -g -O2  conftest.c >&5
configure:4127: $? = 0
configure:4127: result: yes
configure:4127: checking for inttypes.h
configure:4127: gcc -c -g -O2  conftest.c >&5
configure:4127: $? = 0
configure:4127: result: yes
configure:4127: checking for stdint.h
configure:4127: gcc -c -g -O2  conftest.c >&5
configure:4127: $? = 0
configure:4127: result: yes
configure:4127: checking for unistd.h
configure:4127: gcc -c -g -O2  conftest.c >&5
configure:4127: $? = 0
configure:4127: result: yes
configure:4142: checking endian.h usability
configure:4142: gcc -c -g -O2  conftest.c >&5
configure:4142: $? = 0
configure:4142: result: yes
configure:4142: checking endian.h presence
configure:4142: gcc -E  conftest.c
configure:4142: $? = 0
configure:4142: result: yes
configure:4142: checking for endian.h
configure:4142: result: yes
configure:4142: checking sys/endian.h usability
configure:4142: gcc -c -g -O2  conftest.c >&5
conftest.c:57:10: fatal error: sys/endian.h: No such file or directory
   57 | #include <sys/endian.h>
      |          ^~~~~~~~~~~~~~
compilation terminated.
configure:4142: $? = 1
configure: failed program was:
| /* confdefs.h */
| #define PACKAGE_NAME ""
| #define PACKAGE_TARNAME ""
| #define PACKAGE_VERSION ""
| #define PACKAGE_STRING ""
| #define PACKAGE_BUGREPORT ""
| #define PACKAGE_URL ""
| #define SDCC_VERSION_LO 0
| #define SDCC_VERSION_HI 3
| #define SDCC_VERSION_P 1
| #define SDCC_VERSION_STR "3.0.1"
| #define STDC_HEADERS 1
| #define HAVE_SYS_TYPES_H 1
| #define HAVE_SYS_STAT_H 1
| #define HAVE_STDLIB_H 1
| #define HAVE_STRING_H 1
| #define HAVE_MEMORY_H 1
| #define HAVE_STRINGS_H 1
| #define HAVE_INTTYPES_H 1
| #define HAVE_STDINT_H 1
| #define HAVE_UNISTD_H 1
| #define HAVE_ENDIAN_H 1
| /* end confdefs.h.  */
| #include <stdio.h>
| #ifdef HAVE_SYS_TYPES_H
| # include <sys/types.h>
| #endif
| #ifdef HAVE_SYS_STAT_H
| # include <sys/stat.h>
| #endif
| #ifdef STDC_HEADERS
| # include <stdlib.h>
| # include <stddef.h>
| #else
| # ifdef HAVE_STDLIB_H
| #  include <stdlib.h>
| # endif
| #endif
| #ifdef HAVE_STRING_H
| # if !defined STDC_HEADERS && defined HAVE_MEMORY_H
| #  include <memory.h>
| # endif
| # include <string.h>
| #endif
| #ifdef HAVE_STRINGS_H
| # include <strings.h>
| #endif
| #ifdef HAVE_INTTYPES_H
| # include <inttypes.h>
| #endif
| #ifdef HAVE_STDINT_H
| # include <stdint.h>
| #endif
| #ifdef HAVE_UNISTD_H
| # include <unistd.h>
| #endif
| #include <sys/endian.h>
configure:4142: result: no
configure:4142: checking sys/endian.h presence
configure:4142: gcc -E  conftest.c
conftest.c:24:10: fatal error: sys/endian.h: No such file or directory
   24 | #include <sys/endian.h>
      |          ^~~~~~~~~~~~~~
compilation terminated.
configure:4142: $? = 1
configure: failed program was:
| /* confdefs.h */
| #define PACKAGE_NAME ""
| #define PACKAGE_TARNAME ""
| #define PACKAGE_VERSION ""
| #define PACKAGE_STRING ""
| #define PACKAGE_BUGREPORT ""
| #define PACKAGE_URL ""
| #define SDCC_VERSION_LO 0
| #define SDCC_VERSION_HI 3
| #define SDCC_VERSION_P 1
| #define SDCC_VERSION_STR "3.0.1"
| #define STDC_HEADERS 1
| #define HAVE_SYS_TYPES_H 1
| #define HAVE_SYS_STAT_H 1
| #define HAVE_STDLIB_H 1
| #define HAVE_STRING_H 1
| #define HAVE_MEMORY_H 1
| #define HAVE_STRINGS_H 1
| #define HAVE_INTTYPES_H 1
| #define HAVE_STDINT_H 1
| #define HAVE_UNISTD_H 1
| #define HAVE_ENDIAN_H 1
| /* end confdefs.h.  */
| #include <sys/endian.h>
configure:4142: result: no
configure:4142: checking for sys/endian.h
configure:4142: result: no
configure:4142: checking machine/endian.h usability
configure:4142: gcc -c -g -O2  conftest.c >&5
conftest.c:57:10: fatal error: machine/endian.h: No such file or directory
   57 | #include <machine/endian.h>
      |          ^~~~~~~~~~~~~~~~~~
compilation terminated.
configure:4142: $? = 1
configure: failed program was:
| /* confdefs.h */
| #define PACKAGE_NAME ""
| #define PACKAGE_TARNAME ""
| #define PACKAGE_VERSION ""
| #define PACKAGE_STRING ""
| #define PACKAGE_BUGREPORT ""
| #define PACKAGE_URL ""
| #define SDCC_VERSION_LO 0
| #define SDCC_VERSION_HI 3
| #define SDCC_VERSION_P 1
| #define SDCC_VERSION_STR "3.0.1"
| #define STDC_HEADERS 1
| #define HAVE_SYS_TYPES_H 1
| #define HAVE_SYS_STAT_H 1
| #define HAVE_STDLIB_H 1
| #define HAVE_STRING_H 1
| #define HAVE_MEMORY_H 1
| #define HAVE_STRINGS_H 1
| #define HAVE_INTTYPES_H 1
| #define HAVE_STDINT_H 1
| #define HAVE_UNISTD_H 1
| #define HAVE_ENDIAN_H 1
| /* end confdefs.h.  */
| #include <stdio.h>
| #ifdef HAVE_SYS_TYPES_H
| # include <sys/types.h>
| #endif
| #ifdef HAVE_SYS_STAT_H
| # include <sys/stat.h>
| #endif
| #ifdef STDC_HEADERS
| # include <stdlib.h>
| # include <stddef.h>
| #else
| # ifdef HAVE_STDLIB_H
| #  include <stdlib.h>
| # endif
| #endif
| #ifdef HAVE_STRING_H
| # if !defined STDC_HEADERS && defined HAVE_MEMORY_H
| #  include <memory.h>
| # endif
| # include <string.h>
| #endif
| #ifdef HAVE_STRINGS_H
| # include <strings.h>
| #endif
| #ifdef HAVE_INTTYPES_H
| # include <inttypes.h>
| #endif
| #ifdef HAVE_STDINT_H
| # include <stdint.h>
| #endif
| #ifdef HAVE_UNISTD_H
| # include <unistd.h>
| #endif
| #include <machine/endian.h>
configure:4142: result: no
configure:4142: checking machine/endian.h presence
configure:4142: gcc -E  conftest.c
conftest.c:24:10: fatal error: machine/endian.h: No such file or directory
   24 | #include <machine/endian.h>
      |          ^~~~~~~~~~~~~~~~~~
compilation terminated.
configure:4142: $? = 1
configure: failed program was:
| /* confdefs.h */
| #define PACKAGE_NAME ""
| #define PACKAGE_TARNAME ""
| #define PACKAGE_VERSION ""
| #define PACKAGE_STRING ""
| #define PACKAGE_BUGREPORT ""
| #define PACKAGE_URL ""
| #define SDCC_VERSION_LO 0
| #define SDCC_VERSION_HI 3
| #define SDCC_VERSION_P 1
| #define SDCC_VERSION_STR "3.0.1"
| #define STDC_HEADERS 1
| #define HAVE_SYS_TYPES_H 1
| #define HAVE_SYS_STAT_H 1
| #define HAVE_STDLIB_H 1
| #define HAVE_STRING_H 1
| #define HAVE_MEMORY_H 1
| #define HAVE_STRINGS_H 1
| #define HAVE_INTTYPES_H 1
| #define HAVE_STDINT_H 1
| #define HAVE_UNISTD_H 1
| #define HAVE_ENDIAN_H 1
| /* end confdefs.h.  */
| #include <machine/endian.h>
configure:4142: result: no
configure:4142: checking for machine/endian.h
configure:4142: result: no
configure:4142: checking sys/isa_defs.h usability
configure:4142: gcc -c -g -O2  conftest.c >&5
conftest.c:57:10: fatal error: sys/isa_defs.h: No such file or directory
   57 | #include <sys/isa_defs.h>
      |          ^~~~~~~~~~~~~~~~
compilation terminated.
configure:4142: $? = 1
configure: failed program was:
| /* confdefs.h */
| #define PACKAGE_NAME ""
| #define PACKAGE_TARNAME ""
| #define PACKAGE_VERSION ""
| #define PACKAGE_STRING ""
| #define PACKAGE_BUGREPORT ""
| #define PACKAGE_URL ""
| #define SDCC_VERSION_LO 0
| #define SDCC_VERSION_HI 3
| #define SDCC_VERSION_P 1
| #define SDCC_VERSION_STR "3.0.1"
| #define STDC_HEADERS 1
| #define HAVE_SYS_TYPES_H 1
| #define HAVE_SYS_STAT_H 1
| #define HAVE_STDLIB_H 1
| #define HAVE_STRING_H 1
| #define HAVE_MEMORY_H 1
| #define HAVE_STRINGS_H 1
| #define HAVE_INTTYPES_H 1
| #define HAVE_STDINT_H 1
| #define HAVE_UNISTD_H 1
| #define HAVE_ENDIAN_H 1
| /* end confdefs.h.  */
| #include <stdio.h>
| #ifdef HAVE_SYS_TYPES_H
| # include <sys/types.h>
| #endif
| #ifdef HAVE_SYS_STAT_H
| # include <sys/stat.h>
| #endif
| #ifdef STDC_HEADERS
| # include <stdlib.h>
| # include <stddef.h>
| #else
| # ifdef HAVE_STDLIB_H
| #  include <stdlib.h>
| # endif
| #endif
| #ifdef HAVE_STRING_H
| # if !defined STDC_HEADERS && defined HAVE_MEMORY_H
| #  include <memory.h>
| # endif
| # include <string.h>
| #endif
| #ifdef HAVE_STRINGS_H
| # include <strings.h>
| #endif
| #ifdef HAVE_INTTYPES_H
| # include <inttypes.h>
| #endif
| #ifdef HAVE_STDINT_H
| # include <stdint.h>
| #endif
| #ifdef HAVE_UNISTD_H
| # include <unistd.h>
| #endif
| #include <sys/isa_defs.h>
configure:4142: result: no
configure:4142: checking sys/isa_defs.h presence
configure:4142: gcc -E  conftest.c
conftest.c:24:10: fatal error: sys/isa_defs.h: No such file or directory
   24 | #include <sys/isa_defs.h>
      |          ^~~~~~~~~~~~~~~~
compilation terminated.
configure:4142: $? = 1
configure: failed program was:
| /* confdefs.h */
| #define PACKAGE_NAME ""
| #define PACKAGE_TARNAME ""
| #define PACKAGE_VERSION ""
| #define PACKAGE_STRING ""
| #define PACKAGE_BUGREPORT ""
| #define PACKAGE_URL ""
| #define SDCC_VERSION_LO 0
| #define SDCC_VERSION_HI 3
| #define SDCC_VERSION_P 1
| #define SDCC_VERSION_STR "3.0.1"
| #define STDC_HEADERS 1
| #define HAVE_SYS_TYPES_H 1
| #define HAVE_SYS_STAT_H 1
| #define HAVE_STDLIB_H 1
| #define HAVE_STRING_H 1
| #define HAVE_MEMORY_H 1
| #define HAVE_STRINGS_H 1
| #define HAVE_INTTYPES_H 1
| #define HAVE_STDINT_H 1
| #define HAVE_UNISTD_H 1
| #define HAVE_ENDIAN_H 1
| /* end confdefs.h.  */
| #include <sys/isa_defs.h>
configure:4142: result: no
configure:4142: checking for sys/isa_defs.h
configure:4142: result: no
configure:4162: checking for ccache
configure:4192: result: no
configure:4207: checking for strerror
configure:4207: gcc -o conftest -g -O2   conftest.c  >&5
configure:4207: $? = 0
configure:4207: result: yes
configure:4219: checking for vsnprintf
configure:4219: gcc -o conftest -g -O2   conftest.c  >&5
conftest.c:48:6: warning: conflicting types for built-in function 'vsnprintf'; expected 'int(char *, long unsigned int,  const char *, __va_list_tag *)' [-Wbuiltin-declaration-mismatch]
   48 | char vsnprintf ();
      |      ^~~~~~~~~
conftest.c:36:1: note: 'vsnprintf' is declared in header '<stdio.h>'
   35 | # include <limits.h>
   36 | #else
configure:4219: $? = 0
configure:4219: result: yes
configure:4219: checking for snprintf
configure:4219: gcc -o conftest -g -O2   conftest.c  >&5
conftest.c:49:6: warning: conflicting types for built-in function 'snprintf'; expected 'int(char *, long unsigned int,  const char *, ...)' [-Wbuiltin-declaration-mismatch]
   49 | char snprintf ();
      |      ^~~~~~~~
conftest.c:37:1: note: 'snprintf' is declared in header '<stdio.h>'
   36 | # include <limits.h>
   37 | #else
configure:4219: $? = 0
configure:4219: result: yes
configure:4219: checking for vsprintf
configure:4219: gcc -o conftest -g -O2   conftest.c  >&5
conftest.c:50:6: warning: conflicting types for built-in function 'vsprintf'; expected 'int(char *, const char *, __va_list_tag *)' [-Wbuiltin-declaration-mismatch]
   50 | char vsprintf ();
      |      ^~~~~~~~
conftest.c:38:1: note: 'vsprintf' is declared in header '<stdio.h>'
   37 | # include <limits.h>
   38 | #else
configure:4219: $? = 0
configure:4219: result: yes
configure:4219: checking for mkstemp
configure:4219: gcc -o conftest -g -O2   conftest.c  >&5
configure:4219: $? = 0
configure:4219: result: yes
configure:4319: checking whether preprocessor accepts -MM or -M
Using built-in specs.
COLLECT_GCC=gcc
OFFLOAD_TARGET_NAMES=nvptx-none:hsa
OFFLOAD_TARGET_DEFAULT=1
Target: x86_64-linux-gnu
Configured with: ../src/configure -v --with-pkgversion='Ubuntu 9.3.0-17ubuntu1~20.04' --with-bugurl=file:///usr/share/doc/gcc-9/README.Bugs --enable-languages=c,ada,c++,go,brig,d,fortran,objc,obj-c++,gm2 --prefix=/usr --with-gcc-major-version-only --program-suffix=-9 --program-prefix=x86_64-linux-gnu- --enable-shared --enable-linker-build-id --libexecdir=/usr/lib --without-included-gettext --enable-threads=posix --libdir=/usr/lib --enable-nls --enable-clocale=gnu --enable-libstdcxx-debug --enable-libstdcxx-time=yes --with-default-libstdcxx-abi=new --enable-gnu-unique-object --disable-vtable-verify --enable-plugin --enable-default-pie --with-system-zlib --with-target-system-zlib=auto --enable-objc-gc=auto --enable-multiarch --disable-werror --with-arch-32=i686 --with-abi=m64 --with-multilib-list=m32,m64,mx32 --enable-multilib --with-tune=generic --enable-offload-targets=nvptx-none=/build/gcc-9-HskZEa/gcc-9-9.3.0/debian/tmp-nvptx/usr,hsa --without-cuda-driver --enable-checking=release --build=x86_64-linux-gnu --host=x86_64-linux-gnu --target=x86_64-linux-gnu
Thread model: posix
gcc version 9.3.0 (Ubuntu 9.3.0-17ubuntu1~20.04) 
COLLECT_GCC_OPTIONS='-E' '-v' '-MM' '-mtune=generic' '-march=x86-64'
 /usr/lib/gcc/x86_64-linux-gnu/9/cc1 -E -quiet -v -imultiarch x86_64-linux-gnu -MM _test_.c -mtune=generic -march=x86-64 -fasynchronous-unwind-tables -fstack-protector-strong -Wformat -Wformat-security -fstack-clash-protection -fcf-protection
ignoring nonexistent directory "/usr/local/include/x86_64-linux-gnu"
ignoring nonexistent directory "/usr/lib/gcc/x86_64-linux-gnu/9/include-fixed"
ignoring nonexistent directory "/usr/lib/gcc/x86_64-linux-gnu/9/../../../../x86_64-linux-gnu/include"
#include "..." search starts here:
#include <...> search starts here:
 /usr/lib/gcc/x86_64-linux-gnu/9/include
 /usr/local/include
 /usr/include/x86_64-linux-gnu
 /usr/include
End of search list.
_test_.o: _test_.c
COMPILER_PATH=/usr/lib/gcc/x86_64-linux-gnu/9/:/usr/lib/gcc/x86_64-linux-gnu/9/:/usr/lib/gcc/x86_64-linux-gnu/:/usr/lib/gcc/x86_64-linux-gnu/9/:/usr/lib/gcc/x86_64-linux-gnu/
LIBRARY_PATH=/usr/lib/gcc/x86_64-linux-gnu/9/:/usr/lib/gcc/x86_64-linux-gnu/9/../../../x86_64-linux-gnu/:/usr/lib/gcc/x86_64-linux-gnu/9/../../../../lib/:/lib/x86_64-linux-gnu/:/lib/../lib/:/usr/lib/x86_64-linux-gnu/:/usr/lib/../lib/:/usr/lib/gcc/x86_64-linux-gnu/9/../../../:/lib/:/usr/lib/
COLLECT_GCC_OPTIONS='-E' '-v' '-MM' '-mtune=generic' '-march=x86-64'
configure:4334: result: -MM
configure:4340: checking whether C accepts -ggdb
configure:4360: gcc -c -ggdb  conftest.c >&5
configure:4360: $? = 0
configure:4368: result: yes
configure:4378: checking whether C accepts -pipe
configure:4398: gcc -c -pipe  conftest.c >&5
configure:4398: $? = 0
configure:4406: result: yes
configure:4462: checking whether ar accepts -S
configure:dummy: ar -S -t conftest.ar 
configure:dummy: $? = 0
configure:4490: result: yes
configure:4506: checking return type of signal handlers
configure:4524: gcc -c -pipe -ggdb -g -O2  conftest.c >&5
conftest.c: In function 'main':
conftest.c:35:10: error: void value not ignored as it ought to be
   35 | return *(signal (0, 0)) (0) == 1;
      |         ~^~~~~~~~~~~~~~~~~~
configure:4524: $? = 1
configure: failed program was:
| /* confdefs.h */
| #define PACKAGE_NAME ""
| #define PACKAGE_TARNAME ""
| #define PACKAGE_VERSION ""
| #define PACKAGE_STRING ""
| #define PACKAGE_BUGREPORT ""
| #define PACKAGE_URL ""
| #define SDCC_VERSION_LO 0
| #define SDCC_VERSION_HI 3
| #define SDCC_VERSION_P 1
| #define SDCC_VERSION_STR "3.0.1"
| #define STDC_HEADERS 1
| #define HAVE_SYS_TYPES_H 1
| #define HAVE_SYS_STAT_H 1
| #define HAVE_STDLIB_H 1
| #define HAVE_STRING_H 1
| #define HAVE_MEMORY_H 1
| #define HAVE_STRINGS_H 1
| #define HAVE_INTTYPES_H 1
| #define HAVE_STDINT_H 1
| #define HAVE_UNISTD_H 1
| #define HAVE_ENDIAN_H 1
| #define HAVE_STRERROR 1
| #define HAVE_VSNPRINTF 1
| #define HAVE_SNPRINTF 1
| #define HAVE_VSPRINTF 1
| #define HAVE_MKSTEMP 1
| /* end confdefs.h.  */
| #include <sys/types.h>
| #include <signal.h>
| 
| int
| main ()
| {
| return *(signal (0, 0)) (0) == 1;
|   ;
|   return 0;
| }
configure:4531: result: void
configure:4544: checking size of char
configure:4549: gcc -o conftest -pipe -ggdb -g -O2   conftest.c  >&5
configure:4549: $? = 0
configure:4549: ./conftest
configure:4549: $? = 0
configure:4563: result: 1
configure:4577: checking size of short
configure:4582: gcc -o conftest -pipe -ggdb -g -O2   conftest.c  >&5
configure:4582: $? = 0
configure:4582: ./conftest
configure:4582: $? = 0
configure:4596: result: 2
configure:4610: checking size of int
configure:4615: gcc -o conftest -pipe -ggdb -g -O2   conftest.c  >&5
configure:4615: $? = 0
configure:4615: ./conftest
configure:4615: $? = 0
configure:4629: result: 4
configure:4643: checking size of long
configure:4648: gcc -o conftest -pipe -ggdb -g -O2   conftest.c  >&5
configure:4648: $? = 0
configure:4648: ./conftest
configure:4648: $? = 0
configure:4662: result: 8
configure:4672: checking whether char is unsigned
configure:4690: gcc -c -pipe -ggdb -g -O2  conftest.c >&5
configure:4690: $? = 0
configure:4697: result: no
configure:4726: checking type name for byte
configure:4734: result: char
configure:4736: checking type name for word
configure:4739: result: short
configure:4741: checking type name for dword
configure:4744: result: int
configure:4784: checking whether host machine byte ordering is bigendian
configure:4807: gcc -c -pipe -ggdb -g -O2  conftest.c >&5
configure:4807: $? = 0
configure:4825: gcc -c -pipe -ggdb -g -O2  conftest.c >&5
conftest.c: In function 'main':
conftest.c:47:2: error: unknown type name 'not'; did you mean 'ino_t'?
   47 |  not big endian
      |  ^~~
      |  ino_t
conftest.c:47:10: error: expected '=', ',', ';', 'asm' or '__attribute__' before 'endian'
   47 |  not big endian
      |          ^~~~~~
configure:4825: $? = 1
configure: failed program was:
| /* confdefs.h */
| #define PACKAGE_NAME ""
| #define PACKAGE_TARNAME ""
| #define PACKAGE_VERSION ""
| #define PACKAGE_STRING ""
| #define PACKAGE_BUGREPORT ""
| #define PACKAGE_URL ""
| #define SDCC_VERSION_LO 0
| #define SDCC_VERSION_HI 3
| #define SDCC_VERSION_P 1
| #define SDCC_VERSION_STR "3.0.1"
| #define STDC_HEADERS 1
| #define HAVE_SYS_TYPES_H 1
| #define HAVE_SYS_STAT_H 1
| #define HAVE_STDLIB_H 1
| #define HAVE_STRING_H 1
| #define HAVE_MEMORY_H 1
| #define HAVE_STRINGS_H 1
| #define HAVE_INTTYPES_H 1
| #define HAVE_STDINT_H 1
| #define HAVE_UNISTD_H 1
| #define HAVE_ENDIAN_H 1
| #define HAVE_STRERROR 1
| #define HAVE_VSNPRINTF 1
| #define HAVE_SNPRINTF 1
| #define HAVE_VSPRINTF 1
| #define HAVE_MKSTEMP 1
| #define RETSIGTYPE void
| #define SIZEOF_CHAR 1
| #define SIZEOF_SHORT 2
| #define SIZEOF_INT 4
| #define SIZEOF_LONG 8
| #define TYPE_BYTE char
| #define TYPE_WORD short
| #define TYPE_DWORD int
| #define TYPE_UBYTE unsigned char
| #define TYPE_UWORD unsigned short
| #define TYPE_UDWORD unsigned int
| /* end confdefs.h.  */
| #include <sys/types.h>
| #include <sys/param.h>
| 
| int
| main ()
| {
| #if BYTE_ORDER != BIG_ENDIAN
|  not big endian
| #endif
| 
|   ;
|   return 0;
| }
configure:4899: result: no
configure:6040: checking for lyx
configure:6068: result: :
configure:6078: checking for latex2html
configure:6106: result: :
configure:6116: checking for pdflatex
configure:6144: result: :
configure:6154: checking for pdfopt
configure:6182: result: :
configure:6192: checking for makeindex
configure:6220: result: :
configure:6503: creating ./config.status

## ---------------------- ##
## Running config.status. ##
## ---------------------- ##

This file was extended by config.status, which was
generated by GNU Autoconf 2.67.  Invocation command line was

  CONFIG_FILES    = 
  CONFIG_HEADERS  = 
  CONFIG_LINKS    = 
  CONFIG_COMMANDS = 
  $ ./config.status 

on mc-semai

config.status:961: creating doc/Makefile
config.status:961: creating src/pblaze/Makefile
config.status:961: creating main.mk
config.status:961: creating src/Makefile
config.status:961: creating device/include/Makefile
config.status:961: creating device/non-free/include/Makefile
config.status:961: creating sdas/linksrc/Makefile
config.status:961: creating sdas/asranlib/Makefile
config.status:961: creating support/librarian/Makefile
config.status:961: creating support/makebin/Makefile
config.status:961: creating support/regression/Makefile
config.status:961: creating support/valdiag/Makefile
config.status:961: creating support/scripts/Makefile
config.status:961: creating support/regression/ports/host/spec.mk
config.status:961: creating Makefile
config.status:961: creating Makefile.common
config.status:961: creating sdccconf.h
config.status:961: creating custom.h
config.status:961: creating sdas/linksrc/asxxxx_config.h
configure:7784: === configuring in support/cpp (/home/semai/Work/REPO_HOME/asylum/OpenBlaze8/tools/pbccv2-src-20110901/sdcc3/build.sdcc/support/cpp)
configure:7847: running /bin/bash /home/semai/Work/REPO_HOME/asylum/OpenBlaze8/tools/pbccv2-src-20110901/sdcc3/support/cpp/configure --disable-option-checking '--prefix=/home/semai/Work/REPO_HOME/asylum/OpenBlaze8/tools/install'  '--disable-pic14-port' '--disable-pic16-port' '--disable-hc08-port' '--disable-stm8-port' '--disable-ds390-port' '--disable-ds400-port' '--disable-z80-port' '--disable-mcs51-port' '--disable-s08-port' '--disable-z180-port' '--disable-r2k-port' '--disable-r3ka-port' '--disable-gbz80-port' '--disable-tlcs90-port' '--disable-sdbinutils' '--disable-device-lib' '--disable-ucsim' '--disable-sdcdb' '--disable-packihx' 'docdir=${datarootdir}/doc/${PACKAGE}' --cache-file=/dev/null --srcdir=/home/semai/Work/REPO_HOME/asylum/OpenBlaze8/tools/pbccv2-src-20110901/sdcc3/support/cpp
configure:8141: result:
sdcc 3.0.1 is now configured for

  Build:                
  Host:                 
  Source directory:     /home/semai/Work/REPO_HOME/asylum/OpenBlaze8/tools/pbccv2-src-20110901/sdcc3
  C compiler:           gcc
  CFLAGS:               -pipe -ggdb -g -O2

  ENABLED Ports:
    avr                 no
    ds390               no
    ds400               no
    gbz80               no
    hc08                no
    mcs51               no
    pblaze              yes
    pic14               no
    pic16               no
    xa51                no
    z80                 no

  Disable packihx:      1
  Disable ucsim:        1
  Disable device lib:   1
  Disable sdcpp:        0
  Disable sdcdb:        1
  Enable documentation: 0
  Enable libgc:         0

  Install paths:
    binary files:       ${prefix}
    include files:      ${datarootdir}/sdcc/include
    non-free include files: ${datarootdir}/sdcc/non-free/include
    library files:      ${datarootdir}/sdcc/lib
    non-free library files: ${datarootdir}/sdcc/non-free/lib
    documentation:      ${datarootdir}/doc/${PACKAGE}

    prefix:             /home/semai/Work/REPO_HOME/asylum/OpenBlaze8/tools/install
    datadir:            ${datarootdir}
    datarootdir:        ${prefix}/share

  Search paths (incomplete, see manual for all search paths):
    binary files:       $SDCC_HOME/bin
    include files:      /share/sdcc/include
                        path(argv[0])/../share/sdcc/include
                        /home/semai/Work/REPO_HOME/asylum/OpenBlaze8/tools/install/share/sdcc/include
                        /share/sdcc/non-free/include
                        path(argv[0])/../share/sdcc/non-free/include
                        /home/semai/Work/REPO_HOME/asylum/OpenBlaze8/tools/install/share/sdcc/non-free/include
    library files:      $SDCC_HOME/share/sdcc/lib/<model>
                        path(argv[0])/../share/sdcc/lib/<model>
                        /home/semai/Work/REPO_HOME/asylum/OpenBlaze8/tools/install/share/sdcc/lib/<model>
                        $SDCC_HOME/share/sdcc/non-free/lib/<model>
                        path(argv[0])/../share/sdcc/non-free/lib/<model>
                        /home/semai/Work/REPO_HOME/asylum/OpenBlaze8/tools/install/share/sdcc/non-free/lib/<model>


## ---------------- ##
## Cache variables. ##
## ---------------- ##

ac_cv_c_char_unsigned=no
ac_cv_c_compiler_gnu=yes
ac_cv_env_CC_set=
ac_cv_env_CC_value=
ac_cv_env_CFLAGS_set=
ac_cv_env_CFLAGS_value=
ac_cv_env_CPPFLAGS_set=
ac_cv_env_CPPFLAGS_value=
ac_cv_env_CPP_set=
ac_cv_env_CPP_value=
ac_cv_env_LDFLAGS_set=
ac_cv_env_LDFLAGS_value=
ac_cv_env_LIBS_set=
ac_cv_env_LIBS_value=
ac_cv_env_LIB_TYPE_set=
ac_cv_env_LIB_TYPE_value=
ac_cv_env_build_alias_set=
ac_cv_env_build_alias_value=
ac_cv_env_docdir_set=set
ac_cv_env_docdir_value='${datarootdir}/doc/${PACKAGE}'
ac_cv_env_host_alias_set=
ac_cv_env_host_alias_value=
ac_cv_env_include_dir_suffix_set=
ac_cv_env_include_dir_suffix_value=
ac_cv_env_lib_dir_suffix_set=
ac_cv_env_lib_dir_suffix_value=
ac_cv_env_non_free_include_dir_suffix_set=
ac_cv_env_non_free_include_dir_suffix_value=
ac_cv_env_non_free_lib_dir_suffix_set=
ac_cv_env_non_free_lib_dir_suffix_value=
ac_cv_env_sdccconf_h_dir_separator_set=
ac_cv_env_sdccconf_h_dir_separator_value=
ac_cv_env_target_alias_set=
ac_cv_env_target_alias_value=
ac_cv_func_mkstemp=yes
ac_cv_func_snprintf=yes
ac_cv_func_strerror=yes
ac_cv_func_vsnprintf=yes
ac_cv_func_vsprintf=yes
ac_cv_header_endian_h=yes
ac_cv_header_inttypes_h=yes
ac_cv_header_machine_endian_h=no
ac_cv_header_memory_h=yes
ac_cv_header_stdc=yes
ac_cv_header_stdint_h=yes
ac_cv_header_stdlib_h=yes
ac_cv_header_string_h=yes
ac_cv_header_strings_h=yes
ac_cv_header_sys_endian_h=no
ac_cv_header_sys_isa_defs_h=no
ac_cv_header_sys_stat_h=yes
ac_cv_header_sys_types_h=yes
ac_cv_header_unistd_h=yes
ac_cv_objext=o
ac_cv_path_EGREP='/usr/bin/grep -E'
ac_cv_path_GREP=/usr/bin/grep
ac_cv_path_install='/usr/bin/install -c'
ac_cv_prog_AR=ar
ac_cv_prog_AS=as
ac_cv_prog_AUTOCONF=autoconf
ac_cv_prog_AWK=mawk
ac_cv_prog_CP=cp
ac_cv_prog_CPP='gcc -E'
ac_cv_prog_LATEX2HTML=:
ac_cv_prog_LEX=flex
ac_cv_prog_LYX=:
ac_cv_prog_MAKEINDEX=:
ac_cv_prog_PDFLATEX=:
ac_cv_prog_PDFOPT=:
ac_cv_prog_STRIP=strip
ac_cv_prog_YACC='bison -y'
ac_cv_prog_ac_ct_CC=gcc
ac_cv_prog_ac_ct_RANLIB=ranlib
ac_cv_prog_cc_c89=
ac_cv_prog_cc_g=yes
ac_cv_sizeof_char=1
ac_cv_sizeof_int=4
ac_cv_sizeof_long=8
ac_cv_sizeof_short=2
ac_cv_type_signal=void
bor_cv_c_ggdb=yes
bor_cv_c_pipe=yes
sdcc_cv_MM=-MM
sdcc_cv_build_bigendian=no
sdcc_cv_version=3.0.1
sdcc_cv_versionhi=3
sdcc_cv_versionlo=0
sdcc_cv_versionp=1

## ----------------- ##
## Output variables. ##
## ----------------- ##

AR='ar'
AR_S_FLAG='-S'
AS='as'
AUTOCONF='autoconf'
AWK='mawk'
C99_FLAG='--std=c99'
CC='gcc'
CCACHE=''
CFLAGS='-pipe -ggdb -g -O2'
CP='cp'
CPP='gcc -E'
CPPFLAGS=''
DEFS='-DHAVE_CONFIG_H'
ECHO_C=''
ECHO_N='-n'
ECHO_T=''
EGREP='/usr/bin/grep -E'
EXEEXT=''
GREP='/usr/bin/grep'
INSTALL_DATA='${INSTALL} -m 644'
INSTALL_PROGRAM='${INSTALL}'
INSTALL_SCRIPT='${INSTALL}'
LATEX2HTML=':'
LDFLAGS=''
LEX='flex'
LIBOBJS=''
LIBS=''
LIB_TYPE='RANLIB'
LTLIBOBJS=''
LYX=':'
MAKEDEP='gcc -MM'
MAKEINDEX=':'
OBJEXT='o'
OPT_DISABLE_AVR='1'
OPT_DISABLE_DEVICE_LIB='1'
OPT_DISABLE_DS390='1'
OPT_DISABLE_DS400='1'
OPT_DISABLE_GBZ80='1'
OPT_DISABLE_HC08='1'
OPT_DISABLE_MCS51='1'
OPT_DISABLE_PACKIHX='1'
OPT_DISABLE_PBLAZE='0'
OPT_DISABLE_PIC14='1'
OPT_DISABLE_PIC16='1'
OPT_DISABLE_SDCDB='1'
OPT_DISABLE_SDCPP='0'
OPT_DISABLE_UCSIM='1'
OPT_DISABLE_XA51='1'
OPT_DISABLE_Z80='1'
OPT_ENABLE_DOC='0'
OPT_ENABLE_LIBGC='0'
PACKAGE='sdcc'
PACKAGE_BUGREPORT=''
PACKAGE_NAME=''
PACKAGE_STRING=''
PACKAGE_TARNAME=''
PACKAGE_URL=''
PACKAGE_VERSION=''
PATH_SEPARATOR=':'
PDFLATEX=':'
PDFOPT=':'
RANLIB='ranlib'
SHELL='/bin/bash'
STRIP='strip'
VERSION='3.0.1'
VERSIONHI='3'
VERSIONLO='0'
VERSIONP='1'
WALL_FLAG='-Wall'
YACC='bison -y'
ac_ct_CC='gcc'
bindir='${exec_prefix}/bin'
build_alias=''
datadir='${datarootdir}'
datarootdir='${prefix}/share'
docdir='${datarootdir}/doc/${PACKAGE}'
dvidir='${docdir}'
exec_prefix='${prefix}'
host_alias=''
htmldir='${docdir}'
include_dir_suffix='sdcc/include'
includedir='${prefix}/include'
infodir='${datarootdir}/info'
lib_dir_suffix='sdcc/lib'
libdir='${exec_prefix}/lib'
libexecdir='${exec_prefix}/libexec'
localedir='${datarootdir}/locale'
localstatedir='${prefix}/var'
mandir='${datarootdir}/man'
non_free_include_dir_suffix='sdcc/non-free/include'
non_free_lib_dir_suffix='sdcc/non-free/lib'
oldincludedir='/usr/include'
pdfdir='${docdir}'
prefix='/home/semai/Work/REPO_HOME/asylum/OpenBlaze8/tools/install'
program_transform_name='s,x,x,'
psdir='${docdir}'
sbindir='${exec_prefix}/sbin'
sdccconf_h_dir_separator='/'
sharedstatedir='${prefix}/com'
subdirs=' support/cpp'
sysconfdir='${prefix}/etc'
target_alias=''

## ----------- ##
## confdefs.h. ##
## ----------- ##

/* confdefs.h */
#define PACKAGE_NAME ""
#define PACKAGE_TARNAME ""
#define PACKAGE_VERSION ""
#define PACKAGE_STRING ""
#define PACKAGE_BUGREPORT ""
#define PACKAGE_URL ""
#define SDCC_VERSION_LO 0
#define SDCC_VERSION_HI 3
#define SDCC_VERSION_P 1
#define SDCC_VERSION_STR "3.0.1"
#define STDC_HEADERS 1
#define HAVE_SYS_TYPES_H 1
#define HAVE_SYS_STAT_H 1
#define HAVE_STDLIB_H 1
#define HAVE_STRING_H 1
#define HAVE_MEMORY_H 1
#define HAVE_STRINGS_H 1
#define HAVE_INTTYPES_H 1
#define HAVE_STDINT_H 1
#define HAVE_UNISTD_H 1
#define HAVE_ENDIAN_H 1
#define HAVE_STRERROR 1
#define HAVE_VSNPRINTF 1
#define HAVE_SNPRINTF 1
#define HAVE_VSPRINTF 1
#define HAVE_MKSTEMP 1
#define RETSIGTYPE void
#define SIZEOF_CHAR 1
#define SIZEOF_SHORT 2
#define SIZEOF_INT 4
#define SIZEOF_LONG 8
#define TYPE_BYTE char
#define TYPE_WORD short
#define TYPE_DWORD int
#define TYPE_UBYTE unsigned char
#define TYPE_UWORD unsigned short
#define TYPE_UDWORD unsigned int
#define DIR_SEPARATOR_STRING "/"
#define DIR_SEPARATOR_CHAR '/'
#define PREFIX "/home/semai/Work/REPO_HOME/asylum/OpenBlaze8/tools/install"
#define EXEC_PREFIX "/home/semai/Work/REPO_HOME/asylum/OpenBlaze8/tools/install"
#define BINDIR "/home/semai/Work/REPO_HOME/asylum/OpenBlaze8/tools/install/bin"
#define DATADIR "/home/semai/Work/REPO_HOME/asylum/OpenBlaze8/tools/install/share"
#define INCLUDE_DIR_SUFFIX DIR_SEPARATOR_STRING "sdcc/include"
#define NON_FREE_INCLUDE_DIR_SUFFIX DIR_SEPARATOR_STRING "sdcc/non-free/include"
#define LIB_DIR_SUFFIX DIR_SEPARATOR_STRING "sdcc/lib"
#define NON_FREE_LIB_DIR_SUFFIX DIR_SEPARATOR_STRING "sdcc/non-free/lib"
#define BIN2DATA_DIR DIR_SEPARATOR_STRING "../share"
#define PREFIX2BIN_DIR DIR_SEPARATOR_STRING "bin"
#define PREFIX2DATA_DIR DIR_SEPARATOR_STRING "share"
#define STD_LIB "libsdcc"
#define STD_INT_LIB "libint"
#define STD_LONG_LIB "liblong"
#define STD_FP_LIB "libfloat"
#define STD_DS390_LIB "libds390"
#define STD_DS400_LIB "libds400"
#define STD_XA51_LIB "libxa51"
#define SDCC_DIR_NAME "SDCC_HOME"
#define SDCC_INCLUDE_NAME "SDCC_INCLUDE"
#define SDCC_LIB_NAME "SDCC_LIB"
#define OPT_DISABLE_MCS51 1
#define OPT_DISABLE_GBZ80 1
#define OPT_DISABLE_Z80 1
#define OPT_DISABLE_DS390 1
#define OPT_DISABLE_TININative 1
#define OPT_DISABLE_DS400 1
#define OPT_DISABLE_PIC14 1
#define OPT_DISABLE_PIC16 1
#define OPT_DISABLE_HC08 1
#define OPT_DISABLE_PBLAZE 0
#define OPT_DISABLE_AVR 1
#define OPT_DISABLE_XA51 1
#define OPT_DISABLE_UCSIM 1
#define OPT_DISABLE_DEVICE_LIB 1
#define OPT_DISABLE_PACKIHX 1
#define OPT_DISABLE_SDCPP 0
#define OPT_DISABLE_SDCDB 1
#define OPT_ENABLE_DOC 0
#define OPT_ENABLE_LIBGC 0

configure: exit 0
